have_func: checking for rb_enc_raise() in ruby.h... -------------------- yes

"gcc -o conftest -I/Users/distiller/.rubies/ruby-2.7.5/include/ruby-2.7.0/x86_64-darwin20 -I/Users/distiller/.rubies/ruby-2.7.5/include/ruby-2.7.0/ruby/backward -I/Users/distiller/.rubies/ruby-2.7.5/include/ruby-2.7.0 -I.  -I/usr/local/opt/openssl@1.1/include -I/usr/local/opt/readline/include -I/usr/local/opt/libyaml/include -I/usr/local/opt/gdbm/include -D_XOPEN_SOURCE -D_DARWIN_C_SOURCE -D_DARWIN_UNLIMITED_SELECT -D_REENTRANT   -g -O2 -pipe conftest.c  -L. -L/Users/distiller/.rubies/ruby-2.7.5/lib -L/usr/local/opt/openssl@1.1/lib -L/usr/local/opt/readline/lib -L/usr/local/opt/libyaml/lib -L/usr/local/opt/gdbm/lib -L. -fstack-protector-strong -L/usr/local/lib -L/usr/local/opt/openssl@1.1/lib -L/usr/local/opt/readline/lib -L/usr/local/opt/libyaml/lib -L/usr/local/opt/gdbm/lib     -lruby.2.7-static -framework Security -framework Foundation -lpthread -ldl -lobjc   "
checked program was:
/* begin */
1: #include "ruby.h"
2: 
3: int main(int argc, char **argv)
4: {
5:   return !!argv[argc];
6: }
/* end */

"gcc -o conftest -I/Users/distiller/.rubies/ruby-2.7.5/include/ruby-2.7.0/x86_64-darwin20 -I/Users/distiller/.rubies/ruby-2.7.5/include/ruby-2.7.0/ruby/backward -I/Users/distiller/.rubies/ruby-2.7.5/include/ruby-2.7.0 -I.  -I/usr/local/opt/openssl@1.1/include -I/usr/local/opt/readline/include -I/usr/local/opt/libyaml/include -I/usr/local/opt/gdbm/include -D_XOPEN_SOURCE -D_DARWIN_C_SOURCE -D_DARWIN_UNLIMITED_SELECT -D_REENTRANT   -g -O2 -pipe conftest.c  -L. -L/Users/distiller/.rubies/ruby-2.7.5/lib -L/usr/local/opt/openssl@1.1/lib -L/usr/local/opt/readline/lib -L/usr/local/opt/libyaml/lib -L/usr/local/opt/gdbm/lib -L. -fstack-protector-strong -L/usr/local/lib -L/usr/local/opt/openssl@1.1/lib -L/usr/local/opt/readline/lib -L/usr/local/opt/libyaml/lib -L/usr/local/opt/gdbm/lib     -lruby.2.7-static -framework Security -framework Foundation -lpthread -ldl -lobjc   "
conftest.c:16:57: error: use of undeclared identifier 'rb_enc_raise'
int t(void) { void ((*volatile p)()); p = (void ((*)()))rb_enc_raise; return !p; }
                                                        ^
1 error generated.
checked program was:
/* begin */
 1: #include "ruby.h"
 2: 
 3: #include <ruby.h>
 4: 
 5: /*top*/
 6: extern int t(void);
 7: int main(int argc, char **argv)
 8: {
 9:   if (argc > 1000000) {
10:     int (* volatile tp)(void)=(int (*)(void))&t;
11:     printf("%d", (*tp)());
12:   }
13: 
14:   return !!argv[argc];
15: }
16: int t(void) { void ((*volatile p)()); p = (void ((*)()))rb_enc_raise; return !p; }
/* end */

"gcc -o conftest -I/Users/distiller/.rubies/ruby-2.7.5/include/ruby-2.7.0/x86_64-darwin20 -I/Users/distiller/.rubies/ruby-2.7.5/include/ruby-2.7.0/ruby/backward -I/Users/distiller/.rubies/ruby-2.7.5/include/ruby-2.7.0 -I.  -I/usr/local/opt/openssl@1.1/include -I/usr/local/opt/readline/include -I/usr/local/opt/libyaml/include -I/usr/local/opt/gdbm/include -D_XOPEN_SOURCE -D_DARWIN_C_SOURCE -D_DARWIN_UNLIMITED_SELECT -D_REENTRANT   -g -O2 -pipe conftest.c  -L. -L/Users/distiller/.rubies/ruby-2.7.5/lib -L/usr/local/opt/openssl@1.1/lib -L/usr/local/opt/readline/lib -L/usr/local/opt/libyaml/lib -L/usr/local/opt/gdbm/lib -L. -fstack-protector-strong -L/usr/local/lib -L/usr/local/opt/openssl@1.1/lib -L/usr/local/opt/readline/lib -L/usr/local/opt/libyaml/lib -L/usr/local/opt/gdbm/lib     -lruby.2.7-static -framework Security -framework Foundation -lpthread -ldl -lobjc   "
checked program was:
/* begin */
 1: #include "ruby.h"
 2: 
 3: #include <ruby.h>
 4: 
 5: /*top*/
 6: extern int t(void);
 7: int main(int argc, char **argv)
 8: {
 9:   if (argc > 1000000) {
10:     int (* volatile tp)(void)=(int (*)(void))&t;
11:     printf("%d", (*tp)());
12:   }
13: 
14:   return !!argv[argc];
15: }
16: extern void rb_enc_raise();
17: int t(void) { rb_enc_raise(); return 0; }
/* end */

--------------------

have_func: checking for rb_enc_interned_str() in ruby.h... -------------------- no

"gcc -o conftest -I/Users/distiller/.rubies/ruby-2.7.5/include/ruby-2.7.0/x86_64-darwin20 -I/Users/distiller/.rubies/ruby-2.7.5/include/ruby-2.7.0/ruby/backward -I/Users/distiller/.rubies/ruby-2.7.5/include/ruby-2.7.0 -I.  -I/usr/local/opt/openssl@1.1/include -I/usr/local/opt/readline/include -I/usr/local/opt/libyaml/include -I/usr/local/opt/gdbm/include -D_XOPEN_SOURCE -D_DARWIN_C_SOURCE -D_DARWIN_UNLIMITED_SELECT -D_REENTRANT   -g -O2 -pipe conftest.c  -L. -L/Users/distiller/.rubies/ruby-2.7.5/lib -L/usr/local/opt/openssl@1.1/lib -L/usr/local/opt/readline/lib -L/usr/local/opt/libyaml/lib -L/usr/local/opt/gdbm/lib -L. -fstack-protector-strong -L/usr/local/lib -L/usr/local/opt/openssl@1.1/lib -L/usr/local/opt/readline/lib -L/usr/local/opt/libyaml/lib -L/usr/local/opt/gdbm/lib     -lruby.2.7-static -framework Security -framework Foundation -lpthread -ldl -lobjc   "
conftest.c:16:57: error: use of undeclared identifier 'rb_enc_interned_str'
int t(void) { void ((*volatile p)()); p = (void ((*)()))rb_enc_interned_str; return !p; }
                                                        ^
1 error generated.
checked program was:
/* begin */
 1: #include "ruby.h"
 2: 
 3: #include <ruby.h>
 4: 
 5: /*top*/
 6: extern int t(void);
 7: int main(int argc, char **argv)
 8: {
 9:   if (argc > 1000000) {
10:     int (* volatile tp)(void)=(int (*)(void))&t;
11:     printf("%d", (*tp)());
12:   }
13: 
14:   return !!argv[argc];
15: }
16: int t(void) { void ((*volatile p)()); p = (void ((*)()))rb_enc_interned_str; return !p; }
/* end */

"gcc -o conftest -I/Users/distiller/.rubies/ruby-2.7.5/include/ruby-2.7.0/x86_64-darwin20 -I/Users/distiller/.rubies/ruby-2.7.5/include/ruby-2.7.0/ruby/backward -I/Users/distiller/.rubies/ruby-2.7.5/include/ruby-2.7.0 -I.  -I/usr/local/opt/openssl@1.1/include -I/usr/local/opt/readline/include -I/usr/local/opt/libyaml/include -I/usr/local/opt/gdbm/include -D_XOPEN_SOURCE -D_DARWIN_C_SOURCE -D_DARWIN_UNLIMITED_SELECT -D_REENTRANT   -g -O2 -pipe conftest.c  -L. -L/Users/distiller/.rubies/ruby-2.7.5/lib -L/usr/local/opt/openssl@1.1/lib -L/usr/local/opt/readline/lib -L/usr/local/opt/libyaml/lib -L/usr/local/opt/gdbm/lib -L. -fstack-protector-strong -L/usr/local/lib -L/usr/local/opt/openssl@1.1/lib -L/usr/local/opt/readline/lib -L/usr/local/opt/libyaml/lib -L/usr/local/opt/gdbm/lib     -lruby.2.7-static -framework Security -framework Foundation -lpthread -ldl -lobjc   "
Undefined symbols for architecture x86_64:
  "_rb_enc_interned_str", referenced from:
      _t in conftest-e792bf.o
ld: symbol(s) not found for architecture x86_64
clang: error: linker command failed with exit code 1 (use -v to see invocation)
checked program was:
/* begin */
 1: #include "ruby.h"
 2: 
 3: #include <ruby.h>
 4: 
 5: /*top*/
 6: extern int t(void);
 7: int main(int argc, char **argv)
 8: {
 9:   if (argc > 1000000) {
10:     int (* volatile tp)(void)=(int (*)(void))&t;
11:     printf("%d", (*tp)());
12:   }
13: 
14:   return !!argv[argc];
15: }
16: extern void rb_enc_interned_str();
17: int t(void) { rb_enc_interned_str(); return 0; }
/* end */

--------------------

